Start testing: Sep 13 17:12 AEST
----------------------------------------------------------
1/1 Testing: machineTest.defaultTest
1/1 Test: machineTest.defaultTest
Command: "/home/Mensis/Source-code/github.com/Gosewinckel/Mensis_test/build/tests/test_machine" "--gtest_filter=machineTest.defaultTest" "--gtest_also_run_disabled_tests"
Directory: /home/Mensis/Source-code/github.com/Gosewinckel/Mensis_test/build/tests
"machineTest.defaultTest" start time: Sep 13 17:12 AEST
Output:
----------------------------------------------------------
Running main() from /home/Mensis/Source-code/github.com/Gosewinckel/Mensis_test/build/_deps/googletest-src/googletest/src/gtest_main.cc
Note: Google Test filter = machineTest.defaultTest
[==========] Running 1 test from 1 test suite.
[----------] Global test environment set-up.
[----------] 1 test from machineTest
[ RUN      ] machineTest.defaultTest
[       OK ] machineTest.defaultTest (0 ms)
[----------] 1 test from machineTest (0 ms total)

[----------] Global test environment tear-down
[==========] 1 test from 1 test suite ran. (0 ms total)
[  PASSED  ] 1 test.
<end of output>
Test time =   0.00 sec
----------------------------------------------------------
Test Passed.
"machineTest.defaultTest" end time: Sep 13 17:12 AEST
"machineTest.defaultTest" time elapsed: 00:00:00
----------------------------------------------------------

End testing: Sep 13 17:12 AEST
